<?xml version="1.0" encoding="UTF-8"?>
<testng-results ignored="0" total="1" passed="1" failed="0" skipped="0">
  <reporter-output>
  </reporter-output>
  <suite started-at="2026-04-13T20:15:48 ICT" name="Gradle suite" finished-at="2026-04-13T20:15:54 ICT" duration-ms="5661">
    <groups>
    </groups>
    <test started-at="2026-04-13T20:15:48 ICT" name="Gradle test" finished-at="2026-04-13T20:15:54 ICT" duration-ms="5661">
      <class name="testcase.login.Login01_Verify_Successfull">
        <test-method is-config="true" signature="beforeClass()[pri:0, instance:testcase.login.Login01_Verify_Successfull@7c137fd5]" started-at="2026-04-13T20:15:48 ICT" name="beforeClass" finished-at="2026-04-13T20:15:50 ICT" duration-ms="1230" status="PASS">
          <reporter-output>
          </reporter-output>
        </test-method> <!-- beforeClass -->
        <test-method signature="testValidLogin()[pri:0, instance:testcase.login.Login01_Verify_Successfull@7c137fd5]" started-at="2026-04-13T20:15:50 ICT" name="testValidLogin" description="Verify that user can login successfully with valid credentials" finished-at="2026-04-13T20:15:54 ICT" duration-ms="4329" status="PASS">
          <reporter-output>
          </reporter-output>
        </test-method> <!-- testValidLogin -->
        <test-method is-config="true" signature="afterClass()[pri:0, instance:testcase.login.Login01_Verify_Successfull@7c137fd5]" started-at="2026-04-13T20:15:54 ICT" name="afterClass" finished-at="2026-04-13T20:15:54 ICT" duration-ms="89" status="PASS">
          <reporter-output>
          </reporter-output>
        </test-method> <!-- afterClass -->
      </class> <!-- testcase.login.Login01_Verify_Successfull -->
    </test> <!-- Gradle test -->
  </suite> <!-- Gradle suite -->
</testng-results>
