<?xml version="1.0" encoding="UTF-8"?>
<!-- Generated by org.testng.reporters.JUnitXMLReporter -->
<testsuite ignored="0" hostname="Trinhs-MacBook-Pro.local" failures="1" tests="1" name="Gradle test" time="15.772" errors="0" timestamp="2026-04-10T20:48:09 ICT">
  <testcase classname="testcase.register.Register_01_Verify_Sucessfull" name="testValidRegister" time="15.756">
    <failure type="org.openqa.selenium.TimeoutException" message="Expected condition failed: waiting for visibility of element found by By.id: swal2-title, but... org.openqa.selenium.NoSuchElementException: no such element: Unable to locate element: {&amp;quot;method&amp;quot;:&amp;quot;css selector&amp;quot;,&amp;quot;selector&amp;quot;:&amp;quot;#swal2\-title&amp;quot;}.
(tried for 10 seconds with 500 milliseconds interval)
Build info: version: &amp;apos;4.40.0&amp;apos;, revision: &amp;apos;b3333f1&amp;apos;
System info: os.name: &amp;apos;Mac OS X&amp;apos;, os.arch: &amp;apos;aarch64&amp;apos;, os.version: &amp;apos;15.6.1&amp;apos;, java.version: &amp;apos;21.0.8&amp;apos;
Driver info: org.openqa.selenium.chrome.ChromeDriver
Capabilities {acceptInsecureCerts: false, browserName: chrome, browserVersion: 146.0.7680.178, chrome: {chromedriverVersion: 146.0.7680.165 (4b989da09e1..., userDataDir: /var/folders/ch/pjrjkjvj76n...}, fedcm:accounts: true, goog:chromeOptions: {debuggerAddress: localhost:64851}, goog:processID: 43955, networkConnectionEnabled: false, pageLoadStrategy: normal, platformName: mac, proxy: Proxy(), se:cdp: ws://localhost:64851/devtoo..., se:cdpVersion: 146.0.7680.178, setWindowRect: true, strictFileInteractability: false, timeouts: {implicit: 0, pageLoad: 300000, script: 30000}, unhandledPromptBehavior: dismiss and notify, webauthn:extension:credBlob: true, webauthn:extension:largeBlob: true, webauthn:extension:minPinLength: true, webauthn:extension:prf: true, webauthn:virtualAuthenticators: true}
Session ID: 6bb44d50ca9c4224213faf00bb48a247">
      <![CDATA[org.openqa.selenium.TimeoutException: Expected condition failed: waiting for visibility of element found by By.id: swal2-title, but... org.openqa.selenium.NoSuchElementException: no such element: Unable to locate element: {"method":"css selector","selector":"#swal2\-title"}.
(tried for 10 seconds with 500 milliseconds interval)
Build info: version: '4.40.0', revision: 'b3333f1'
System info: os.name: 'Mac OS X', os.arch: 'aarch64', os.version: '15.6.1', java.version: '21.0.8'
Driver info: org.openqa.selenium.chrome.ChromeDriver
Capabilities {acceptInsecureCerts: false, browserName: chrome, browserVersion: 146.0.7680.178, chrome: {chromedriverVersion: 146.0.7680.165 (4b989da09e1..., userDataDir: /var/folders/ch/pjrjkjvj76n...}, fedcm:accounts: true, goog:chromeOptions: {debuggerAddress: localhost:64851}, goog:processID: 43955, networkConnectionEnabled: false, pageLoadStrategy: normal, platformName: mac, proxy: Proxy(), se:cdp: ws://localhost:64851/devtoo..., se:cdpVersion: 146.0.7680.178, setWindowRect: true, strictFileInteractability: false, timeouts: {implicit: 0, pageLoad: 300000, script: 30000}, unhandledPromptBehavior: dismiss and notify, webauthn:extension:credBlob: true, webauthn:extension:largeBlob: true, webauthn:extension:minPinLength: true, webauthn:extension:prf: true, webauthn:virtualAuthenticators: true}
Session ID: 6bb44d50ca9c4224213faf00bb48a247
at org.openqa.selenium.support.ui.WebDriverWait.timeoutException(WebDriverWait.java:84)
at org.openqa.selenium.support.ui.FluentWait.until(FluentWait.java:231)
at Base.BasePage.waitForElementVisible(BasePage.java:21)
at Base.BasePage.getTextElement(BasePage.java:47)
at Base.BasePage.getTextElement(BasePage.java:51)
at Pages.CommonDialog.getTitleDialog(CommonDialog.java:16)
at testcase.register.Register_01_Verify_Sucessfull.testValidRegister(Register_01_Verify_Sucessfull.java:87)
at java.base/java.util.ArrayList.forEach(ArrayList.java:1596)
at jdk.proxy1/jdk.proxy1.$Proxy4.stop(Unknown Source)
... Removed 40 stack frames]]>
    </failure>
  </testcase> <!-- testValidRegister -->
</testsuite> <!-- Gradle test -->
