<?xml version="1.0" encoding="UTF-8"?>
<!-- Generated by org.testng.reporters.JUnitXMLReporter -->
<testsuite ignored="0" hostname="Trinhs-MacBook-Pro.local" failures="1" tests="1" name="Gradle test" time="5.678" errors="0" timestamp="2026-04-06T20:50:46 ICT">
  <testcase classname="testcase.register.Register_01_Verify_Sucessfull" name="testValidRegister" time="5.639">
    <failure type="java.lang.AssertionError" message="VP1: Đăng ký thành công! - MESSAGE DOES NOT MATCH expected [Đăng ký thành công!] but found [Đăng ký thành công]">
      <![CDATA[java.lang.AssertionError: VP1: Đăng ký thành công! - MESSAGE DOES NOT MATCH expected [Đăng ký thành công!] but found [Đăng ký thành công]
at testcase.register.Register_01_Verify_Sucessfull.testValidRegister(Register_01_Verify_Sucessfull.java:81)
at java.base/java.util.ArrayList.forEach(ArrayList.java:1596)
at jdk.proxy1/jdk.proxy1.$Proxy4.stop(Unknown Source)
... Removed 45 stack frames]]>
    </failure>
  </testcase> <!-- testValidRegister -->
</testsuite> <!-- Gradle test -->
